<assembly>
  <id>war</id>
  <formats>
    <format>war</format>
  </formats>
  <includeBaseDirectory>false</includeBaseDirectory>
  
  <dependencySets>
    <dependencySet>
      <scope>test</scope>
      <includes>
        <include>org.commonjava*</include>
      </includes>
      <outputDirectory>WEB-INF/classes</outputDirectory>
      <unpack>true</unpack>
      <unpackOptions>
        <excludes>
          <exclude>META-INF/beans.xml</exclude>
        </excludes>
      </unpackOptions>
    </dependencySet>
    
    <dependencySet>
      <scope>test</scope>
      <excludes>
        <exclude>org.commonjava*</exclude>

        <!-- <exclude>commons-codec:commons-codec</exclude> -->
        <exclude>commons-httpclient:commons-httpclient</exclude>
        <exclude>commons-logging:commons-logging</exclude>
        <exclude>javassist:javassist</exclude>
        <exclude>javax.activation:activation</exclude>
        <exclude>javax.annotation:jsr250-api</exclude>
        <exclude>javax.enterprise:cdi-api</exclude>
        <exclude>javax.inject:javax.inject</exclude>
        <exclude>net.jcip:jcip-annotations</exclude>
        <!-- <exclude>org.apache.httpcomponents:httpclient</exclude>
        <exclude>org.apache.httpcomponents:httpcore</exclude> -->
        <exclude>org.jboss.resteasy:jaxrs-api</exclude>
        <exclude>org.jboss.resteasy:resteasy-jaxrs</exclude>
        <exclude>org.jboss.spec.javax.interceptor:jboss-interceptors-api_1.1_spec</exclude>
        <exclude>org.jboss.spec.javax.servlet:jboss-servlet-api_3.0_spec</exclude>
        <exclude>org.scannotation:scannotation</exclude>
      </excludes>
      <outputDirectory>WEB-INF/lib</outputDirectory>
      <unpack>false</unpack>
    </dependencySet>
  </dependencySets>
  
  <fileSets>
    <fileSet>
      <directory>src/main/webapp</directory>
      <outputDirectory>/</outputDirectory>
    </fileSet>
  </fileSets>
</assembly>